[info   ] [FileManager]: Data files will be fetched from: '/usr/share/games/supertuxkart/data/'
[info   ] [FileManager]: User directory is '/home/steam/.config/supertuxkart/0.8.2/'.
[info   ] [FileManager]: Addons files will be stored in '/home/steam/.local/share/supertuxkart/addons/'.
[info   ] [FileManager]: Screenshots will be stored in '/home/steam/.local/share/supertuxkart/screenshots/'.
[info   ] [FileManager]: User-defined grand prix will be stored in '/home/steam/.local/share/supertuxkart/grandprix/'.
[info   ] [FileManager]: Asset 0 will be loaded from '/usr/share/games/supertuxkart/data/challenges/'.
[info   ] [FileManager]: Asset 1 will be loaded from '/usr/share/games/supertuxkart/data/gfx/'.
[info   ] [FileManager]: Asset 2 will be loaded from '/usr/share/games/supertuxkart/data/grandprix/'.
[info   ] [FileManager]: Asset 3 will be loaded from '/usr/share/games/supertuxkart/data/gui/'.
[info   ] [FileManager]: Asset 4 will be loaded from '/usr/share/games/supertuxkart/data/library/'.
[info   ] [FileManager]: Asset 5 will be loaded from '/usr/share/games/supertuxkart/data/models/'.
[info   ] [FileManager]: Asset 6 will be loaded from '/usr/share/games/supertuxkart/data/music/'.
[info   ] [FileManager]: Asset 7 will be loaded from '/usr/share/games/supertuxkart/data/replay/'.
[info   ] [FileManager]: Asset 8 will be loaded from '/usr/share/games/supertuxkart/data/tracks/'.
[info   ] [FileManager]: Asset 9 will be loaded from '/usr/share/games/supertuxkart/data/sfx/'.
[info   ] [FileManager]: Asset 10 will be loaded from '/usr/share/games/supertuxkart/data/shaders/'.
[info   ] [FileManager]: Asset 11 will be loaded from '/usr/share/games/supertuxkart/data/skins/'.
[info   ] [FileManager]: Asset 12 will be loaded from '/usr/share/games/supertuxkart/data/textures/'.
[info   ] [FileManager]: Asset 13 will be loaded from '/usr/share/games/supertuxkart/data/ttf/'.
[info   ] [FileManager]: Asset 14 will be loaded from '/usr/share/games/supertuxkart/data/po/'.
[verbose  ] translation: Env var LANGUAGE = 'en_US.UTF-8'.
[verbose  ] translation: Language 'English (United States)'.
[info   ] IrrDriver: OpenGL version: 4.3
[info   ] IrrDriver: OpenGL vendor: NVIDIA Corporation
[info   ] IrrDriver: OpenGL renderer: GeForce GTX 1080/PCIe/SSE2
[info   ] IrrDriver: OpenGL version string: 4.3.0 NVIDIA 381.22
[info   ] GLDriver: AMD Vertex Shader Layer Present
[info   ] GLDriver: ARB Buffer Storage Present
[info   ] GLDriver: ARB Base Instance Present
[info   ] GLDriver: ARB Draw Indirect Present
[info   ] GLDriver: ARB Compute Shader Present
[info   ] GLDriver: ARB Arrays of Arrays Present
[info   ] GLDriver: ARB Texture Storage Present
[info   ] GLDriver: ARB Texture View Present
[info   ] GLDriver: ARB Bindless Texture Present
[info   ] GLDriver: ARB Image Load Store Present
[info   ] GLDriver: ARB Shader Atomic Counters Present
[info   ] GLDriver: ARB Shader Storage Buffer Object Present
[info   ] GLDriver: ARB Multi Draw Indirect Present
[info   ] GLDriver: EXT Texture Compression S3TC Present
[info   ] GLDriver: ARB Texture Compression RGTC Present
[info   ] GLDriver: ARB Uniform Buffer Object Present
[info   ] GLDriver: ARB Explicit Attrib Location Present
[info   ] GLDriver: EXT Texture Filter Anisotropic Present
[info   ] GLDriver: Geometry Shaders Present
[info   ] GLDriver: ARB Texture Swizzle Present
[info   ] GLDriver: ARB Pixel Buffer Object Present
[info   ] GLDriver: ARB framebuffer sRGB Present
[info   ] ShaderBasedRenderer: Preloading shaders...
[info   ] SharedGPUObjects: Hardware Skinning enabled, method: TBO, max bones: 1024
[info   ] ShaderFilesManager: Compiling shader : object_pass.vert
[info   ] ShaderFilesManager: Compiling shader : object_pass1.frag
[info   ] ShaderFilesManager: Compiling shader : splatting.frag
[info   ] ShaderFilesManager: Compiling shader : skinning.vert
[info   ] ShaderFilesManager: Compiling shader : transparent.frag
[info   ] ShaderFilesManager: Compiling shader : coloredquad.vert
[info   ] ShaderFilesManager: Compiling shader : coloredquad.frag
[info   ] ShaderFilesManager: Compiling shader : screenquad.vert
[info   ] ShaderFilesManager: Compiling shader : tonemap.frag
[info   ] ShaderFilesManager: Compiling shader : passthrough.frag
[info   ] ShaderFilesManager: Compiling shader : alphatest_particle.vert
[info   ] ShaderFilesManager: Compiling shader : alphatest_particle.frag
[info   ] ShaderFilesManager: Compiling shader : simple_particle.vert
[info   ] ShaderFilesManager: Compiling shader : simple_particle.frag
[info   ] ShaderFilesManager: Compiling shader : instanced_object_pass.vert
[info   ] ShaderFilesManager: Compiling shader : instanced_skinning.vert
[info   ] ShaderFilesManager: Compiling shader : instanced_object_pass1.frag
[info   ] ShaderFilesManager: Compiling shader : instanced_object_pass2.frag
[info   ] ShaderFilesManager: Compiling shader : instanced_objectref_pass1.frag
[info   ] ShaderFilesManager: Compiling shader : instanced_objectref_pass2.frag
[info   ] ShaderFilesManager: Compiling shader : instanced_object_unlit.frag
[info   ] ShaderFilesManager: Compiling shader : instanced_normalmap.frag
[info   ] ShaderFilesManager: Compiling shader : instanced_grass.vert
[info   ] ShaderFilesManager: Compiling shader : instanced_grass_pass2.frag
[info   ] ShaderFilesManager: Compiling shader : instanced_objectpass_spheremap.frag
[info   ] ShaderFilesManager: Compiling shader : instanced_detailed_object_pass2.frag
[info   ] STKTexManager: 8 thread(s) for texture loading, each capacity 16 MB.
[info   ] STKTexManager: High quality mipmap enabled.
[info   ] ShaderBasedRenderer: Geometry will be rendered with indirect draw policy.
[info   ] irr_driver: GLSL supported.
[info   ] ShaderFilesManager: Compiling shader : texturedquad.vert
[info   ] ShaderFilesManager: Compiling shader : texturedquad.frag
[info   ] ShaderFilesManager: Compiling shader : uniformcolortexturedquad.frag
[info   ] ShaderFilesManager: Compiling shader : colortexturedquad.vert
[info   ] ShaderFilesManager: Compiling shader : colortexturedquad.frag
[info   ] HTTPRequest: Downloading http://addons.supertuxkart.net/dl/xml/news.xml
[info   ] addons: Using cached addons.xml.
[info   ] HTTPRequest: Downloading 
[info   ] HTTPRequest: Downloading 
[info   ] HTTPRequest: Downloading 
[info   ] HTTPRequest: Downloading 
[info   ] HTTPRequest: Downloading http://addons.supertuxkart.net/dl/images/32999604857af930517f49.png
[warn   ] Track: NavMesh is not found for arena STK Mercury, disable AI for it.

[info   ] GrandPrixManager: Loading Grand Prix files from /usr/share/games/supertuxkart/data/grandprix/
[info   ] GrandPrixManager: Loading Grand Prix files from /home/steam/.local/share/supertuxkart/grandprix/
[warn   ] KartProperties: Can't find kart type '' for kart 'F1(ish)'
[warn   ] KartProperties: Can't find kart type '' for kart 'Lamborghini LP400'
[warn   ] Material: Cannot determine texture full path : <body.jpg>
[warn   ] Material: Cannot determine texture full path : <mosteztmiért.jpg>
[warn   ] KartProperties: Can't find kart type '' for kart 'Mozilla'
[verbose  ] RaceManager: Nb of karts=1, ghost karts:0 ai:0 players:1

[info   ] ShaderFilesManager: Compiling shader : IBL.frag
[info   ] ShaderFilesManager: Compiling shader : sunlight.frag
[info   ] ShaderFilesManager: Compiling shader : pointlight.vert
[info   ] ShaderFilesManager: Compiling shader : pointlight.frag
[info   ] ShaderFilesManager: Compiling shader : linearizedepth.frag
[info   ] ShaderFilesManager: Compiling shader : ssao.frag
[info   ] ShaderFilesManager: Compiling shader : bilateralH.comp
[info   ] ShaderFilesManager: Compiling shader : bilateralV.comp
[info   ] ShaderFilesManager: Compiling shader : glow_object.vert
[info   ] ShaderFilesManager: Compiling shader : glow_object.frag
[info   ] ShaderFilesManager: Compiling shader : glow.frag
[info   ] ShaderFilesManager: Compiling shader : mlaa_color1.frag
[info   ] ShaderFilesManager: Compiling shader : mlaa_blend2.frag
[info   ] ShaderFilesManager: Compiling shader : mlaa_neigh3.frag
[info   ] Singleton: Destroyed singleton.
[warn   ] material: Track uses deprecated texture 'grass.jpg'
[info   ] Script: allchallenges: unlocked_challenges=8, challenges=26
[info   ] Script: allchallenges: unlocked_challenges=8, challenges=26
[info   ] Script: allchallenges: unlocked_challenges=8, challenges=26
[info   ] Script: allchallenges: unlocked_challenges=8, challenges=26
[info   ] ShaderFilesManager: Compiling shader : importance_sampling_specular.frag
[info   ] ShaderFilesManager: Compiling shader : instanced_shadow.vert
[info   ] ShaderFilesManager: Compiling shader : shadow.frag
[info   ] ShaderFilesManager: Compiling shader : instanced_shadowref.frag
[info   ] ShaderFilesManager: Compiling shader : instanced_grassshadow.vert
[info   ] ShaderFilesManager: Compiling shader : instanced_skinning_shadow.vert
[info   ] ShaderFilesManager: Compiling shader : rsm.vert
[info   ] ShaderFilesManager: Compiling shader : splatting_rsm.frag
[info   ] ShaderFilesManager: Compiling shader : instanced_rsm.vert
[info   ] ShaderFilesManager: Compiling shader : instanced_rsm.frag
[info   ] ShaderFilesManager: Compiling shader : slicedscreenquad_nvworkaround.vert
[info   ] ShaderFilesManager: Compiling shader : rhpassthrough.geom
[info   ] ShaderFilesManager: Compiling shader : rh.frag
[info   ] ShaderFilesManager: Compiling shader : gi.frag
[info   ] ShaderFilesManager: Compiling shader : sunlightshadow.frag
[info   ] ShaderFilesManager: Compiling shader : fog.frag
[info   ] ShaderFilesManager: Compiling shader : sky.vert
[info   ] ShaderFilesManager: Compiling shader : sky.frag
[info   ] ShaderFilesManager: Compiling shader : pointlightscatter.frag
[info   ] ShaderFilesManager: Compiling shader : gaussian6v.comp
[info   ] ShaderFilesManager: Compiling shader : gaussian6h.comp
[info   ] ShaderFilesManager: Compiling shader : transparentfog.frag
[info   ] ShaderFilesManager: Compiling shader : dof.frag
[info   ] ShaderFilesManager: Compiling shader : bloom.frag
[info   ] ShaderFilesManager: Compiling shader : gaussian6h.frag
[info   ] ShaderFilesManager: Compiling shader : bloomblend.frag
[info   ] ShaderFilesManager: Compiling shader : lensblend.frag
[info   ] Singleton: Destroyed singleton.
[info   ] Singleton: Destroyed singleton.
[info   ] Singleton: Destroyed singleton.
[info   ] Singleton: Destroyed singleton.
[verbose  ] RaceManager: Nb of karts=5, ghost karts:0 ai:4 players:1

[info   ] Singleton: Destroyed singleton.
[info   ] [FileManager]: Creating directory(ies) '/home/steam/.cache/supertuxkart/cached-textures/hd/tracks/candela_city'
[verbose  ] [FileManager]: Checking for: '/
[verbose  ] [FileManager]: Checking for: '/home/
[verbose  ] [FileManager]: Checking for: '/home/steam/
[verbose  ] [FileManager]: Checking for: '/home/steam/.cache/
[verbose  ] [FileManager]: Checking for: '/home/steam/.cache/supertuxkart/
[verbose  ] [FileManager]: Checking for: '/home/steam/.cache/supertuxkart/cached-textures/
[verbose  ] [FileManager]: Checking for: '/home/steam/.cache/supertuxkart/cached-textures/hd/
[verbose  ] [FileManager]: Checking for: '/home/steam/.cache/supertuxkart/cached-textures/hd/tracks/
[verbose  ] [FileManager]: Checking for: '/home/steam/.cache/supertuxkart/cached-textures/hd/tracks/candela_city/
[info   ] FileManager: Creating directory '/home/steam/.cache/supertuxkart/cached-textures/hd/tracks/candela_city/'.
[info   ] [FileManager]: Creating directory(ies) '/home/steam/.cache/supertuxkart/cached-textures/hd/library/stklib_pinkRibbon_a'
[verbose  ] [FileManager]: Checking for: '/
[verbose  ] [FileManager]: Checking for: '/home/
[verbose  ] [FileManager]: Checking for: '/home/steam/
[verbose  ] [FileManager]: Checking for: '/home/steam/.cache/
[verbose  ] [FileManager]: Checking for: '/home/steam/.cache/supertuxkart/
[verbose  ] [FileManager]: Checking for: '/home/steam/.cache/supertuxkart/cached-textures/
[verbose  ] [FileManager]: Checking for: '/home/steam/.cache/supertuxkart/cached-textures/hd/
[verbose  ] [FileManager]: Checking for: '/home/steam/.cache/supertuxkart/cached-textures/hd/library/
[verbose  ] [FileManager]: Checking for: '/home/steam/.cache/supertuxkart/cached-textures/hd/library/stklib_pinkRibbon_a/
[info   ] FileManager: Creating directory '/home/steam/.cache/supertuxkart/cached-textures/hd/library/stklib_pinkRibbon_a/'.
[info   ] [FileManager]: Creating directory(ies) '/home/steam/.cache/supertuxkart/cached-textures/hd/library/stklib_silvianGirl_a'
[verbose  ] [FileManager]: Checking for: '/
[verbose  ] [FileManager]: Checking for: '/home/
[verbose  ] [FileManager]: Checking for: '/home/steam/
[verbose  ] [FileManager]: Checking for: '/home/steam/.cache/
[verbose  ] [FileManager]: Checking for: '/home/steam/.cache/supertuxkart/
[verbose  ] [FileManager]: Checking for: '/home/steam/.cache/supertuxkart/cached-textures/
[verbose  ] [FileManager]: Checking for: '/home/steam/.cache/supertuxkart/cached-textures/hd/
[verbose  ] [FileManager]: Checking for: '/home/steam/.cache/supertuxkart/cached-textures/hd/library/
[verbose  ] [FileManager]: Checking for: '/home/steam/.cache/supertuxkart/cached-textures/hd/library/stklib_silvianGirl_a/
[info   ] FileManager: Creating directory '/home/steam/.cache/supertuxkart/cached-textures/hd/library/stklib_silvianGirl_a/'.
[info   ] ShaderFilesManager: Compiling shader : white.frag
[info   ] ShaderFilesManager: Compiling shader : displace.frag
[info   ] ShaderFilesManager: Compiling shader : colorize.frag
[info   ] ShaderFilesManager: Compiling shader : godfade.frag
[info   ] ShaderFilesManager: Compiling shader : gaussian3v.frag
[info   ] ShaderFilesManager: Compiling shader : gaussian3h.frag
[info   ] ShaderFilesManager: Compiling shader : godray.frag
[info   ] ShaderFilesManager: Compiling shader : primitive2dlist.vert
[info   ] ShaderFilesManager: Compiling shader : object_pass2.frag
[warn   ] MusicOgg: Music not playing when it should be. Source state: 4116
[info   ] This work was NOT networked: This is NOT a network world.
[info   ] Singleton: Destroyed singleton.
[info   ] Singleton: Destroyed singleton.
[info   ] Singleton: Destroyed singleton.
[info   ] Singleton: Destroyed singleton.
[verbose  ] RaceManager: Nb of karts=0, ghost karts:0 ai:0 players:0

[warn   ] AnimTexture: Did not find animate texture 'seagloss.png'
[warn   ] STKTexture: Cannot find container_id for texture /usr/share/games/supertuxkart/data/models/gold.png
[info   ] Singleton: Destroyed singleton.
[info   ] Singleton: Destroyed singleton.
[info   ] Singleton: Destroyed singleton.
[info   ] Singleton: Destroyed singleton.
[verbose  ] RaceManager: Nb of karts=1, ghost karts:0 ai:0 players:1

[info   ] Singleton: Destroyed singleton.
[warn   ] material: Track uses deprecated texture 'grass.jpg'
[info   ] Script: allchallenges: unlocked_challenges=9, challenges=26
[info   ] Script: allchallenges: unlocked_challenges=9, challenges=26
[info   ] Script: allchallenges: unlocked_challenges=9, challenges=26
[info   ] Script: allchallenges: unlocked_challenges=9, challenges=26
[info   ] Singleton: Destroyed singleton.
[info   ] Singleton: Destroyed singleton.
[info   ] Singleton: Destroyed singleton.
[info   ] Singleton: Destroyed singleton.
[verbose  ] RaceManager: Nb of karts=2, ghost karts:0 ai:1 players:1

[info   ] Singleton: Destroyed singleton.
[info   ] This work was NOT networked: This is NOT a network world.
[info   ] Singleton: Destroyed singleton.
[info   ] Singleton: Destroyed singleton.
[info   ] Singleton: Destroyed singleton.
[info   ] Singleton: Destroyed singleton.
[verbose  ] RaceManager: Nb of karts=0, ghost karts:0 ai:0 players:0

[warn   ] AnimTexture: Did not find animate texture 'seagloss.png'
[info   ] Singleton: Destroyed singleton.
[info   ] Singleton: Destroyed singleton.
[info   ] Singleton: Destroyed singleton.
[info   ] Singleton: Destroyed singleton.
[verbose  ] RaceManager: Nb of karts=1, ghost karts:0 ai:0 players:1

[info   ] Singleton: Destroyed singleton.
[warn   ] material: Track uses deprecated texture 'grass.jpg'
[info   ] Script: allchallenges: unlocked_challenges=10, challenges=26
[info   ] Script: allchallenges: unlocked_challenges=10, challenges=26
[info   ] Script: allchallenges: unlocked_challenges=10, challenges=26
[info   ] Script: allchallenges: unlocked_challenges=10, challenges=26
[info   ] Singleton: Destroyed singleton.
[info   ] Singleton: Destroyed singleton.
[info   ] Singleton: Destroyed singleton.
[info   ] Singleton: Destroyed singleton.
[verbose  ] RaceManager: Nb of karts=5, ghost karts:0 ai:4 players:1

[info   ] Singleton: Destroyed singleton.
[info   ] [FileManager]: Creating directory(ies) '/home/steam/.cache/supertuxkart/cached-textures/hd/tracks/snowtuxpeak'
[verbose  ] [FileManager]: Checking for: '/
[verbose  ] [FileManager]: Checking for: '/home/
[verbose  ] [FileManager]: Checking for: '/home/steam/
[verbose  ] [FileManager]: Checking for: '/home/steam/.cache/
[verbose  ] [FileManager]: Checking for: '/home/steam/.cache/supertuxkart/
[verbose  ] [FileManager]: Checking for: '/home/steam/.cache/supertuxkart/cached-textures/
[verbose  ] [FileManager]: Checking for: '/home/steam/.cache/supertuxkart/cached-textures/hd/
[verbose  ] [FileManager]: Checking for: '/home/steam/.cache/supertuxkart/cached-textures/hd/tracks/
[verbose  ] [FileManager]: Checking for: '/home/steam/.cache/supertuxkart/cached-textures/hd/tracks/snowtuxpeak/
[info   ] FileManager: Creating directory '/home/steam/.cache/supertuxkart/cached-textures/hd/tracks/snowtuxpeak/'.
[warn   ] material: Track uses deprecated texture 'logs.png'
[info   ] This work was NOT networked: This is NOT a network world.
[info   ] Singleton: Destroyed singleton.
[info   ] Singleton: Destroyed singleton.
[info   ] Singleton: Destroyed singleton.
[info   ] Singleton: Destroyed singleton.
[verbose  ] RaceManager: Nb of karts=0, ghost karts:0 ai:0 players:0

[warn   ] AnimTexture: Did not find animate texture 'seagloss.png'
[info   ] Singleton: Destroyed singleton.
[info   ] Singleton: Destroyed singleton.
[info   ] Singleton: Destroyed singleton.
[info   ] Singleton: Destroyed singleton.
[verbose  ] RaceManager: Nb of karts=1, ghost karts:0 ai:0 players:1

[info   ] Singleton: Destroyed singleton.
[warn   ] material: Track uses deprecated texture 'grass.jpg'
[info   ] Script: allchallenges: unlocked_challenges=11, challenges=26
[info   ] Script: allchallenges: unlocked_challenges=11, challenges=26
[info   ] Script: allchallenges: unlocked_challenges=11, challenges=26
[info   ] Script: allchallenges: unlocked_challenges=11, challenges=26
[info   ] Singleton: Destroyed singleton.
[info   ] Singleton: Destroyed singleton.
[info   ] Singleton: Destroyed singleton.
[info   ] Singleton: Destroyed singleton.
[error  ] Race Manager: Can not continue Grand Prix '2_offthebeatentrack'because it could not be loaded
[verbose  ] RaceManager: Nb of karts=5, ghost karts:0 ai:4 players:1

[info   ] Singleton: Destroyed singleton.
[warn   ] MusicOgg: Music not playing when it should be. Source state: 4116
[info   ] This work was NOT networked: This is NOT a network world.
[info   ] Singleton: Destroyed singleton.
[info   ] Singleton: Destroyed singleton.
[info   ] Singleton: Destroyed singleton.
[info   ] Singleton: Destroyed singleton.
[info   ] Singleton: Destroyed singleton.
[warn   ] material: Track uses deprecated texture 'concrete.png'
[warn   ] material: Track uses deprecated texture 'redwhite.png'
[info   ] Singleton: Destroyed singleton.
[info   ] Singleton: Destroyed singleton.
[info   ] Singleton: Destroyed singleton.
[info   ] Singleton: Destroyed singleton.
[verbose  ] RaceManager: Nb of karts=1, ghost karts:0 ai:0 players:1

[info   ] Singleton: Destroyed singleton.
[warn   ] material: Track uses deprecated texture 'grass.jpg'
[info   ] Script: allchallenges: unlocked_challenges=11, challenges=26
[info   ] Script: allchallenges: unlocked_challenges=11, challenges=26
[info   ] Script: allchallenges: unlocked_challenges=11, challenges=26
[info   ] Script: allchallenges: unlocked_challenges=11, challenges=26
[info   ] Singleton: Destroyed singleton.
[info   ] Singleton: Destroyed singleton.
[info   ] Singleton: Destroyed singleton.
[info   ] Singleton: Destroyed singleton.
[verbose  ] RaceManager: Nb of karts=5, ghost karts:0 ai:4 players:1

[info   ] Singleton: Destroyed singleton.
[warn   ] MusicOgg: Music not playing when it should be. Source state: 4116
[warn   ] MusicOgg: Music not playing when it should be. Source state: 4116
[warn   ] MusicOgg: Music not playing when it should be. Source state: 4116
[warn   ] MusicOgg: Music not playing when it should be. Source state: 4116
[warn   ] MusicOgg: Music not playing when it should be. Source state: 4116
[warn   ] MusicOgg: Music not playing when it should be. Source state: 4116
[warn   ] MusicOgg: Music not playing when it should be. Source state: 4116
[info   ] This work was NOT networked: This is NOT a network world.
[info   ] Singleton: Destroyed singleton.
[info   ] Singleton: Destroyed singleton.
[info   ] Singleton: Destroyed singleton.
[info   ] Singleton: Destroyed singleton.
[info   ] Singleton: Destroyed singleton.
[warn   ] material: Track uses deprecated texture 'concrete.png'
[warn   ] material: Track uses deprecated texture 'redwhite.png'
[warn   ] RaceResultGUI: Incorrect event 'top' when things are unlocked.
[info   ] This work was NOT networked: This is NOT a network world.
[info   ] Singleton: Destroyed singleton.
[info   ] Singleton: Destroyed singleton.
[info   ] Singleton: Destroyed singleton.
[info   ] Singleton: Destroyed singleton.
[info   ] Singleton: Destroyed singleton.
[info   ] This work was NOT networked: This is NOT a network world.
[info   ] Singleton: Destroyed singleton.
[info   ] Singleton: Destroyed singleton.
[info   ] Singleton: Destroyed singleton.
[info   ] Singleton: Destroyed singleton.
[info   ] Singleton: Destroyed singleton.
[info   ] This work was NOT networked: This is NOT a network world.
[info   ] Singleton: Destroyed singleton.
[info   ] Singleton: Destroyed singleton.
[info   ] Singleton: Destroyed singleton.
[info   ] Singleton: Destroyed singleton.
[info   ] Singleton: Destroyed singleton.
[warn   ] material: Track uses deprecated texture 'logs.png'
[info   ] This work was NOT networked: This is NOT a network world.
[info   ] Singleton: Destroyed singleton.
[info   ] Singleton: Destroyed singleton.
[info   ] Singleton: Destroyed singleton.
[info   ] Singleton: Destroyed singleton.
[verbose  ] RaceManager: Nb of karts=0, ghost karts:0 ai:0 players:0

[info   ] [FileManager]: Creating directory(ies) '/home/steam/.cache/supertuxkart/cached-textures/hd/tracks/gpwin'
[verbose  ] [FileManager]: Checking for: '/
[verbose  ] [FileManager]: Checking for: '/home/
[verbose  ] [FileManager]: Checking for: '/home/steam/
[verbose  ] [FileManager]: Checking for: '/home/steam/.cache/
[verbose  ] [FileManager]: Checking for: '/home/steam/.cache/supertuxkart/
[verbose  ] [FileManager]: Checking for: '/home/steam/.cache/supertuxkart/cached-textures/
[verbose  ] [FileManager]: Checking for: '/home/steam/.cache/supertuxkart/cached-textures/hd/
[verbose  ] [FileManager]: Checking for: '/home/steam/.cache/supertuxkart/cached-textures/hd/tracks/
[verbose  ] [FileManager]: Checking for: '/home/steam/.cache/supertuxkart/cached-textures/hd/tracks/gpwin/
[info   ] FileManager: Creating directory '/home/steam/.cache/supertuxkart/cached-textures/hd/tracks/gpwin/'.
[info   ] Singleton: Destroyed singleton.
[info   ] Singleton: Destroyed singleton.
[info   ] Singleton: Destroyed singleton.
[info   ] Singleton: Destroyed singleton.
[verbose  ] RaceManager: Nb of karts=0, ghost karts:0 ai:0 players:0

[warn   ] AnimTexture: Did not find animate texture 'seagloss.png'
[info   ] Singleton: Destroyed singleton.
[info   ] Singleton: Destroyed singleton.
[info   ] Singleton: Destroyed singleton.
[info   ] Singleton: Destroyed singleton.
[verbose  ] RaceManager: Nb of karts=1, ghost karts:0 ai:0 players:1

[info   ] Singleton: Destroyed singleton.
[warn   ] material: Track uses deprecated texture 'grass.jpg'
[info   ] Script: allchallenges: unlocked_challenges=12, challenges=26
[info   ] Script: allchallenges: unlocked_challenges=12, challenges=26
[info   ] Script: allchallenges: unlocked_challenges=12, challenges=26
[info   ] Script: allchallenges: unlocked_challenges=12, challenges=26
[info   ] Singleton: Destroyed singleton.
[info   ] Singleton: Destroyed singleton.
[info   ] Singleton: Destroyed singleton.
[info   ] Singleton: Destroyed singleton.
[verbose  ] RaceManager: Nb of karts=5, ghost karts:0 ai:4 players:1

[info   ] Singleton: Destroyed singleton.
[warn   ] material: Track uses deprecated texture 'bumpy_surface.png'
[info   ] This work was NOT networked: This is NOT a network world.
[info   ] Singleton: Destroyed singleton.
[info   ] Singleton: Destroyed singleton.
[info   ] Singleton: Destroyed singleton.
[info   ] Singleton: Destroyed singleton.
[info   ] Singleton: Destroyed singleton.
[warn   ] RaceResultGUI: Incorrect event 'top' when things are unlocked.
[info   ] This work was NOT networked: This is NOT a network world.
[info   ] Singleton: Destroyed singleton.
[info   ] Singleton: Destroyed singleton.
[info   ] Singleton: Destroyed singleton.
[info   ] Singleton: Destroyed singleton.
[info   ] Singleton: Destroyed singleton.
[warn   ] RaceResultGUI: Incorrect event 'top' when things are unlocked.
[info   ] This work was NOT networked: This is NOT a network world.
[info   ] Singleton: Destroyed singleton.
[info   ] Singleton: Destroyed singleton.
[info   ] Singleton: Destroyed singleton.
[info   ] Singleton: Destroyed singleton.
[info   ] Singleton: Destroyed singleton.
[info   ] This work was NOT networked: This is NOT a network world.
[info   ] Singleton: Destroyed singleton.
[info   ] Singleton: Destroyed singleton.
[info   ] Singleton: Destroyed singleton.
[info   ] Singleton: Destroyed singleton.
[info   ] Singleton: Destroyed singleton.
[warn   ] material: Track uses deprecated texture 'redwhite.png'
[info   ] This work was NOT networked: This is NOT a network world.
[info   ] Singleton: Destroyed singleton.
[info   ] Singleton: Destroyed singleton.
[info   ] Singleton: Destroyed singleton.
[info   ] Singleton: Destroyed singleton.
[verbose  ] RaceManager: Nb of karts=0, ghost karts:0 ai:0 players:0

[info   ] Singleton: Destroyed singleton.
[info   ] Singleton: Destroyed singleton.
[info   ] Singleton: Destroyed singleton.
[info   ] Singleton: Destroyed singleton.
[verbose  ] RaceManager: Nb of karts=0, ghost karts:0 ai:0 players:0

[warn   ] AnimTexture: Did not find animate texture 'seagloss.png'
[info   ] Singleton: Destroyed singleton.
[info   ] Singleton: Destroyed singleton.
[info   ] Singleton: Destroyed singleton.
[info   ] Singleton: Destroyed singleton.
[verbose  ] RaceManager: Nb of karts=1, ghost karts:0 ai:0 players:1

[info   ] Singleton: Destroyed singleton.
[warn   ] material: Track uses deprecated texture 'grass.jpg'
[info   ] Script: allchallenges: unlocked_challenges=13, challenges=26
[info   ] Script: allchallenges: unlocked_challenges=13, challenges=26
[info   ] Script: allchallenges: unlocked_challenges=13, challenges=26
[info   ] Script: allchallenges: unlocked_challenges=13, challenges=26
[info   ] Singleton: Destroyed singleton.
[info   ] Singleton: Destroyed singleton.
[info   ] Singleton: Destroyed singleton.
[info   ] Singleton: Destroyed singleton.
[verbose  ] RaceManager: Nb of karts=5, ghost karts:0 ai:4 players:1

[info   ] Singleton: Destroyed singleton.
[info   ] [FileManager]: Creating directory(ies) '/home/steam/.cache/supertuxkart/cached-textures/hd/tracks/greenvalley'
[verbose  ] [FileManager]: Checking for: '/
[verbose  ] [FileManager]: Checking for: '/home/
[verbose  ] [FileManager]: Checking for: '/home/steam/
[verbose  ] [FileManager]: Checking for: '/home/steam/.cache/
[verbose  ] [FileManager]: Checking for: '/home/steam/.cache/supertuxkart/
[verbose  ] [FileManager]: Checking for: '/home/steam/.cache/supertuxkart/cached-textures/
[verbose  ] [FileManager]: Checking for: '/home/steam/.cache/supertuxkart/cached-textures/hd/
[verbose  ] [FileManager]: Checking for: '/home/steam/.cache/supertuxkart/cached-textures/hd/tracks/
[verbose  ] [FileManager]: Checking for: '/home/steam/.cache/supertuxkart/cached-textures/hd/tracks/greenvalley/
[info   ] FileManager: Creating directory '/home/steam/.cache/supertuxkart/cached-textures/hd/tracks/greenvalley/'.
[info   ] This work was NOT networked: This is NOT a network world.
[info   ] Singleton: Destroyed singleton.
[info   ] Singleton: Destroyed singleton.
[info   ] Singleton: Destroyed singleton.
[info   ] Singleton: Destroyed singleton.
[verbose  ] RaceManager: Nb of karts=0, ghost karts:0 ai:0 players:0

[warn   ] AnimTexture: Did not find animate texture 'seagloss.png'
[info   ] Singleton: Destroyed singleton.
[info   ] Singleton: Destroyed singleton.
[info   ] Singleton: Destroyed singleton.
[info   ] Singleton: Destroyed singleton.
[verbose  ] RaceManager: Nb of karts=1, ghost karts:0 ai:0 players:1

[info   ] Singleton: Destroyed singleton.
[warn   ] material: Track uses deprecated texture 'grass.jpg'
[info   ] Script: allchallenges: unlocked_challenges=14, challenges=26
[info   ] Script: allchallenges: unlocked_challenges=14, challenges=26
[info   ] Script: allchallenges: unlocked_challenges=14, challenges=26
[info   ] Script: allchallenges: unlocked_challenges=14, challenges=26
[info   ] Singleton: Destroyed singleton.
[info   ] Singleton: Destroyed singleton.
[info   ] Singleton: Destroyed singleton.
[info   ] Singleton: Destroyed singleton.
[verbose  ] RaceManager: Nb of karts=5, ghost karts:0 ai:4 players:1

[info   ] Singleton: Destroyed singleton.
[info   ] [FileManager]: Creating directory(ies) '/home/steam/.cache/supertuxkart/cached-textures/hd/tracks/mansion'
[verbose  ] [FileManager]: Checking for: '/
[verbose  ] [FileManager]: Checking for: '/home/
[verbose  ] [FileManager]: Checking for: '/home/steam/
[verbose  ] [FileManager]: Checking for: '/home/steam/.cache/
[verbose  ] [FileManager]: Checking for: '/home/steam/.cache/supertuxkart/
[verbose  ] [FileManager]: Checking for: '/home/steam/.cache/supertuxkart/cached-textures/
[verbose  ] [FileManager]: Checking for: '/home/steam/.cache/supertuxkart/cached-textures/hd/
[verbose  ] [FileManager]: Checking for: '/home/steam/.cache/supertuxkart/cached-textures/hd/tracks/
[verbose  ] [FileManager]: Checking for: '/home/steam/.cache/supertuxkart/cached-textures/hd/tracks/mansion/
[info   ] FileManager: Creating directory '/home/steam/.cache/supertuxkart/cached-textures/hd/tracks/mansion/'.
[info   ] ShaderFilesManager: Compiling shader : lightning.frag
[info   ] This work was NOT networked: This is NOT a network world.
[info   ] Singleton: Destroyed singleton.
[info   ] Singleton: Destroyed singleton.
[info   ] Singleton: Destroyed singleton.
[info   ] Singleton: Destroyed singleton.
[verbose  ] RaceManager: Nb of karts=0, ghost karts:0 ai:0 players:0

[warn   ] AnimTexture: Did not find animate texture 'seagloss.png'
[info   ] Singleton: Destroyed singleton.
[info   ] Singleton: Destroyed singleton.
[info   ] Singleton: Destroyed singleton.
[info   ] Singleton: Destroyed singleton.
[verbose  ] RaceManager: Nb of karts=1, ghost karts:0 ai:0 players:1

[info   ] Singleton: Destroyed singleton.
[warn   ] material: Track uses deprecated texture 'grass.jpg'
[info   ] Script: allchallenges: unlocked_challenges=15, challenges=26
[info   ] Script: allchallenges: unlocked_challenges=15, challenges=26
[info   ] Script: allchallenges: unlocked_challenges=15, challenges=26
[info   ] Script: allchallenges: unlocked_challenges=15, challenges=26
[info   ] Singleton: Destroyed singleton.
[info   ] Singleton: Destroyed singleton.
[info   ] Singleton: Destroyed singleton.
[info   ] Singleton: Destroyed singleton.
[verbose  ] irr_driver: Retrieved window location for config: 0 0
[verbose  ] Thread: Start waiting 405477.788000
[verbose  ] Thread: Waited 0.000000 seconds for thread to become deleteable.
[verbose  ] Thread: Stop waiting 405477.788000
[info   ] Singleton: Destroyed singleton.
[info   ] Singleton: Destroyed singleton.
[info   ] Singleton: Destroyed singleton.
